{"entryPointName":"metrics","level":"error","msg":"entryPoint \"metrics\" doesn't exist","routerName":"prometheus@internal","time":"2022-08-29T10:46:27Z"}
{"level":"error","msg":"no valid entryPoint for this router","routerName":"prometheus@internal","time":"2022-08-29T10:46:27Z"}
{"entryPointName":"metrics","level":"error","msg":"entryPoint \"metrics\" doesn't exist","routerName":"prometheus@internal","time":"2022-08-29T10:46:28Z"}
{"level":"error","msg":"no valid entryPoint for this router","routerName":"prometheus@internal","time":"2022-08-29T10:46:28Z"}
{"entryPointName":"metrics","level":"error","msg":"entryPoint \"metrics\" doesn't exist","routerName":"prometheus@internal","time":"2022-08-29T10:46:28Z"}
{"level":"error","msg":"no valid entryPoint for this router","routerName":"prometheus@internal","time":"2022-08-29T10:46:28Z"}
{"entryPointName":"metrics","level":"error","msg":"entryPoint \"metrics\" doesn't exist","routerName":"prometheus@internal","time":"2022-08-29T10:51:58Z"}
{"level":"error","msg":"no valid entryPoint for this router","routerName":"prometheus@internal","time":"2022-08-29T10:51:58Z"}
{"entryPointName":"metrics","level":"error","msg":"entryPoint \"metrics\" doesn't exist","routerName":"prometheus@internal","time":"2022-08-29T11:12:38Z"}
{"level":"error","msg":"no valid entryPoint for this router","routerName":"prometheus@internal","time":"2022-08-29T11:12:38Z"}
{"entryPointName":"metrics","level":"error","msg":"entryPoint \"metrics\" doesn't exist","routerName":"prometheus@internal","time":"2022-08-29T11:12:40Z"}
{"level":"error","msg":"no valid entryPoint for this router","routerName":"prometheus@internal","time":"2022-08-29T11:12:40Z"}
{"entryPointName":"metrics","level":"error","msg":"entryPoint \"metrics\" doesn't exist","routerName":"prometheus@internal","time":"2022-09-05T07:19:03Z"}
{"level":"error","msg":"no valid entryPoint for this router","routerName":"prometheus@internal","time":"2022-09-05T07:19:03Z"}
{"entryPointName":"metrics","level":"error","msg":"entryPoint \"metrics\" doesn't exist","routerName":"prometheus@internal","time":"2022-09-05T07:19:03Z"}
{"level":"error","msg":"no valid entryPoint for this router","routerName":"prometheus@internal","time":"2022-09-05T07:19:03Z"}
{"entryPointName":"metrics","level":"error","msg":"entryPoint \"metrics\" doesn't exist","routerName":"prometheus@internal","time":"2022-09-05T07:19:03Z"}
{"level":"error","msg":"no valid entryPoint for this router","routerName":"prometheus@internal","time":"2022-09-05T07:19:03Z"}
{"entryPointName":"web","level":"error","msg":"accept tcp [::]:80: use of closed network connection","time":"2022-09-05T07:21:26Z"}
{"entryPointName":"traefik","level":"error","msg":"accept tcp [::]:8080: use of closed network connection","time":"2022-09-05T07:21:26Z"}
{"entryPointName":"websecure","level":"error","msg":"accept tcp [::]:443: use of closed network connection","time":"2022-09-05T07:21:26Z"}
{"entryPointName":"websecure","level":"error","msg":"close tcp [::]:443: use of closed network connection","time":"2022-09-05T07:21:26Z"}
{"entryPointName":"web","level":"error","msg":"close tcp [::]:80: use of closed network connection","time":"2022-09-05T07:21:26Z"}
{"entryPointName":"traefik","level":"error","msg":"close tcp [::]:8080: use of closed network connection","time":"2022-09-05T07:21:26Z"}
{"entryPointName":"metrics","level":"error","msg":"entryPoint \"metrics\" doesn't exist","routerName":"prometheus@internal","time":"2022-09-05T07:22:54Z"}
{"level":"error","msg":"no valid entryPoint for this router","routerName":"prometheus@internal","time":"2022-09-05T07:22:54Z"}
{"entryPointName":"metrics","level":"error","msg":"entryPoint \"metrics\" doesn't exist","routerName":"prometheus@internal","time":"2022-09-05T07:22:55Z"}
{"level":"error","msg":"no valid entryPoint for this router","routerName":"prometheus@internal","time":"2022-09-05T07:22:55Z"}
{"entryPointName":"web","level":"error","msg":"accept tcp [::]:80: use of closed network connection","time":"2022-09-05T07:23:47Z"}
{"entryPointName":"traefik","level":"error","msg":"accept tcp [::]:8080: use of closed network connection","time":"2022-09-05T07:23:47Z"}
{"entryPointName":"websecure","level":"error","msg":"accept tcp [::]:443: use of closed network connection","time":"2022-09-05T07:23:47Z"}
{"entryPointName":"traefik","level":"error","msg":"close tcp [::]:8080: use of closed network connection","time":"2022-09-05T07:23:47Z"}
{"entryPointName":"web","level":"error","msg":"close tcp [::]:80: use of closed network connection","time":"2022-09-05T07:23:47Z"}
{"entryPointName":"websecure","level":"error","msg":"close tcp [::]:443: use of closed network connection","time":"2022-09-05T07:23:47Z"}
{"entryPointName":"metrics","level":"error","msg":"entryPoint \"metrics\" doesn't exist","routerName":"prometheus@internal","time":"2022-09-05T07:23:52Z"}
{"level":"error","msg":"no valid entryPoint for this router","routerName":"prometheus@internal","time":"2022-09-05T07:23:52Z"}
{"entryPointName":"metrics","level":"error","msg":"entryPoint \"metrics\" doesn't exist","routerName":"prometheus@internal","time":"2022-09-05T07:23:52Z"}
{"level":"error","msg":"no valid entryPoint for this router","routerName":"prometheus@internal","time":"2022-09-05T07:23:52Z"}
{"entryPointName":"metrics","level":"error","msg":"entryPoint \"metrics\" doesn't exist","routerName":"prometheus@internal","time":"2022-09-05T07:23:52Z"}
{"level":"error","msg":"no valid entryPoint for this router","routerName":"prometheus@internal","time":"2022-09-05T07:23:52Z"}
